<?xml version="1.0" encoding="UTF-8" ?>
<testsuite failures="0" time="2.208" errors="0" skipped="0" tests="3" name="org.xbrlapi.xdt.values.tests.ExplicitDimensionValueOrderingTestCase">
  <properties>
[...]
</properties>
  <testcase time="0.522" classname="org.xbrlapi.xdt.values.tests.ExplicitDimensionValueOrderingTestCase" name="testExplicitDimensionValueOrdering"/>
  <testcase time="1.253" classname="org.xbrlapi.xdt.values.tests.ExplicitDimensionValueOrderingTestCase" name="testExplicitDimensionValueOrderingByLabel"/>
  <testcase time="0.428" classname="org.xbrlapi.xdt.values.tests.ExplicitDimensionValueOrderingTestCase" name="testExplicitDimensionValueOrderingByTree"/>
</testsuite>