<?xml version="1.0" encoding="UTF-8" ?>
<testsuite errors="0" skipped="0" tests="3" time="0.796" failures="0" name="org.xbrlapi.data.bdbxml.tests.StoreImplConstructorTestCase">
  <properties>
[...]
</properties>
  <testcase classname="org.xbrlapi.data.bdbxml.tests.StoreImplConstructorTestCase" time="0.232" name="testStoreImplConstructor"/>
  <testcase classname="org.xbrlapi.data.bdbxml.tests.StoreImplConstructorTestCase" time="0.223" name="testStoreImplConnectsToAnExistingStore"/>
  <testcase classname="org.xbrlapi.data.bdbxml.tests.StoreImplConstructorTestCase" time="0.332" name="testStoreImplCopesWithPeculiarCharacters"/>
</testsuite>